<?xml version="1.0" encoding="UTF-8"?>
<!DOCTYPE suite SYSTEM "http://testng.org/testng-1.0.dtd">
<suite name="payment-tracker" parallel="false">
	<test name="test">
		<packages>
			<package name="cz.mamuf.test.paymenttracker.*" />
		</packages>
	</test>
</suite>
